This file contains any messages produced by compilers while
running configure, to aid debugging if configure makes a mistake.

It was created by gedit-docwordscompletion configure 0.5.1, which was
generated by GNU Autoconf 2.61.  Invocation command line was

  $ ./configure --enable-maintainer-mode --prefix=/usr

## --------- ##
## Platform. ##
## --------- ##

hostname = homer
uname -m = i686
uname -r = 2.6.24-21-generic
uname -s = Linux
uname -v = #1 SMP Tue Aug 12 13:37:22 UTC 2008

/usr/bin/uname -p = unknown
/bin/uname -X     = unknown

/bin/arch              = unknown
/usr/bin/arch -k       = unknown
/usr/convex/getsysinfo = unknown
/usr/bin/hostinfo      = unknown
/bin/machine           = unknown
/usr/bin/oslevel       = unknown
/bin/universe          = unknown

PATH: /usr/local/sbin
PATH: /usr/local/bin
PATH: /usr/sbin
PATH: /usr/bin
PATH: /sbin
PATH: /bin
PATH: /usr/games


## ----------- ##
## Core tests. ##
## ----------- ##

configure:2159: checking for a BSD-compatible install
configure:2215: result: /usr/bin/install -c
configure:2226: checking whether build environment is sane
configure:2269: result: yes
configure:2297: checking for a thread-safe mkdir -p
configure:2336: result: /bin/mkdir -p
configure:2349: checking for gawk
configure:2379: result: no
configure:2349: checking for mawk
configure:2365: found /usr/bin/mawk
configure:2376: result: mawk
configure:2387: checking whether make sets $(MAKE)
configure:2408: result: yes
configure:2646: checking for pkg-config
configure:2664: found /usr/bin/pkg-config
configure:2676: result: /usr/bin/pkg-config
configure:2705: checking pkg-config is at least version 0.9.0
configure:2708: result: yes
configure:2721: $PKG_CONFIG --exists --print-errors "gnome-doc-utils >= $gdu_cv_version_required"
configure:2724: $? = 0
configure:2803: checking whether to enable maintainer-specific portions of Makefiles
configure:2812: result: yes
configure:2855: checking for gconftool-2
configure:2873: found /usr/bin/gconftool-2
configure:2885: result: /usr/bin/gconftool-2
configure:2905: checking for style of include used by make
configure:2933: result: GNU
configure:3003: checking for gcc
configure:3019: found /usr/bin/gcc
configure:3030: result: gcc
configure:3268: checking for C compiler version
configure:3275: gcc --version >&5
gcc (GCC) 4.2.3 (Ubuntu 4.2.3-2ubuntu7)
Copyright (C) 2007 Free Software Foundation, Inc.
This is free software; see the source for copying conditions.  There is NO
warranty; not even for MERCHANTABILITY or FITNESS FOR A PARTICULAR PURPOSE.

configure:3278: $? = 0
configure:3285: gcc -v >&5
Using built-in specs.
Target: i486-linux-gnu
Configured with: ../src/configure -v --enable-languages=c,c++,fortran,objc,obj-c++,treelang --prefix=/usr --enable-shared --with-system-zlib --libexecdir=/usr/lib --without-included-gettext --enable-threads=posix --enable-nls --with-gxx-include-dir=/usr/include/c++/4.2 --program-suffix=-4.2 --enable-clocale=gnu --enable-libstdcxx-debug --enable-objc-gc --enable-mpfr --enable-targets=all --enable-checking=release --build=i486-linux-gnu --host=i486-linux-gnu --target=i486-linux-gnu
Thread model: posix
gcc version 4.2.3 (Ubuntu 4.2.3-2ubuntu7)
configure:3288: $? = 0
configure:3295: gcc -V >&5
gcc: '-V' option must have argument
configure:3298: $? = 1
configure:3321: checking for C compiler default output file name
configure:3348: gcc    conftest.c  >&5
configure:3351: $? = 0
configure:3389: result: a.out
configure:3406: checking whether the C compiler works
configure:3416: ./a.out
configure:3419: $? = 0
configure:3436: result: yes
configure:3443: checking whether we are cross compiling
configure:3445: result: no
configure:3448: checking for suffix of executables
configure:3455: gcc -o conftest    conftest.c  >&5
configure:3458: $? = 0
configure:3482: result: 
configure:3488: checking for suffix of object files
configure:3514: gcc -c   conftest.c >&5
configure:3517: $? = 0
configure:3540: result: o
configure:3544: checking whether we are using the GNU C compiler
configure:3573: gcc -c   conftest.c >&5
configure:3579: $? = 0
configure:3596: result: yes
configure:3601: checking whether gcc accepts -g
configure:3631: gcc -c -g  conftest.c >&5
configure:3637: $? = 0
configure:3736: result: yes
configure:3753: checking for gcc option to accept ISO C89
configure:3827: gcc  -c -g -O2  conftest.c >&5
configure:3833: $? = 0
configure:3856: result: none needed
configure:3876: checking dependency style of gcc
configure:3967: result: gcc3
configure:3995: checking for intltool >= 0.35.0
configure:4002: result: 0.37.1 found
configure:4053: checking for xgettext
configure:4071: found /usr/bin/xgettext
configure:4083: result: /usr/bin/xgettext
configure:4093: checking for msgmerge
configure:4111: found /usr/bin/msgmerge
configure:4123: result: /usr/bin/msgmerge
configure:4133: checking for msgfmt
configure:4151: found /usr/bin/msgfmt
configure:4163: result: /usr/bin/msgfmt
configure:4195: checking for perl
configure:4213: found /usr/bin/perl
configure:4225: result: /usr/bin/perl
configure:4244: checking for XML::Parser
configure:4247: result: ok
configure:4284: gcc -o conftest -g -O2   conftest.c  >&5
configure:4290: $? = 0
configure:4464: checking build system type
configure:4482: result: i686-pc-linux-gnu
configure:4504: checking host system type
configure:4519: result: i686-pc-linux-gnu
configure:4541: checking for a sed that does not truncate output
configure:4597: result: /bin/sed
configure:4600: checking for grep that handles long lines and -e
configure:4674: result: /bin/grep
configure:4679: checking for egrep
configure:4757: result: /bin/grep -E
configure:4773: checking for ld used by gcc
configure:4840: result: /usr/bin/ld
configure:4849: checking if the linker (/usr/bin/ld) is GNU ld
configure:4864: result: yes
configure:4869: checking for /usr/bin/ld option to reload object files
configure:4876: result: -r
configure:4894: checking for BSD-compatible nm
configure:4943: result: /usr/bin/nm -B
configure:4947: checking whether ln -s works
configure:4951: result: yes
configure:4958: checking how to recognize dependent libraries
configure:5144: result: pass_all
configure:5388: checking how to run the C preprocessor
configure:5428: gcc -E  conftest.c
configure:5434: $? = 0
configure:5465: gcc -E  conftest.c
conftest.c:10:28: error: ac_nonexistent.h: No such file or directory
configure:5471: $? = 1
configure: failed program was:
| /* confdefs.h.  */
| #define PACKAGE_NAME "gedit-docwordscompletion"
| #define PACKAGE_TARNAME "gedit-docwordscompletion"
| #define PACKAGE_VERSION "0.5.1"
| #define PACKAGE_STRING "gedit-docwordscompletion 0.5.1"
| #define PACKAGE_BUGREPORT "http://sourceforge.net/projects/gtksourcecomple"
| #define PACKAGE "gedit-docwordscompletion"
| #define VERSION "0.5.1"
| /* end confdefs.h.  */
| #include <ac_nonexistent.h>
configure:5504: result: gcc -E
configure:5533: gcc -E  conftest.c
configure:5539: $? = 0
configure:5570: gcc -E  conftest.c
conftest.c:10:28: error: ac_nonexistent.h: No such file or directory
configure:5576: $? = 1
configure: failed program was:
| /* confdefs.h.  */
| #define PACKAGE_NAME "gedit-docwordscompletion"
| #define PACKAGE_TARNAME "gedit-docwordscompletion"
| #define PACKAGE_VERSION "0.5.1"
| #define PACKAGE_STRING "gedit-docwordscompletion 0.5.1"
| #define PACKAGE_BUGREPORT "http://sourceforge.net/projects/gtksourcecomple"
| #define PACKAGE "gedit-docwordscompletion"
| #define VERSION "0.5.1"
| /* end confdefs.h.  */
| #include <ac_nonexistent.h>
configure:5614: checking for ANSI C header files
configure:5644: gcc -c -g -O2  conftest.c >&5
configure:5650: $? = 0
configure:5749: gcc -o conftest -g -O2   conftest.c  >&5
configure:5752: $? = 0
configure:5758: ./conftest
configure:5761: $? = 0
configure:5778: result: yes
configure:5802: checking for sys/types.h
configure:5823: gcc -c -g -O2  conftest.c >&5
configure:5829: $? = 0
configure:5845: result: yes
configure:5802: checking for sys/stat.h
configure:5823: gcc -c -g -O2  conftest.c >&5
configure:5829: $? = 0
configure:5845: result: yes
configure:5802: checking for stdlib.h
configure:5823: gcc -c -g -O2  conftest.c >&5
configure:5829: $? = 0
configure:5845: result: yes
configure:5802: checking for string.h
configure:5823: gcc -c -g -O2  conftest.c >&5
configure:5829: $? = 0
configure:5845: result: yes
configure:5802: checking for memory.h
configure:5823: gcc -c -g -O2  conftest.c >&5
configure:5829: $? = 0
configure:5845: result: yes
configure:5802: checking for strings.h
configure:5823: gcc -c -g -O2  conftest.c >&5
configure:5829: $? = 0
configure:5845: result: yes
configure:5802: checking for inttypes.h
configure:5823: gcc -c -g -O2  conftest.c >&5
configure:5829: $? = 0
configure:5845: result: yes
configure:5802: checking for stdint.h
configure:5823: gcc -c -g -O2  conftest.c >&5
configure:5829: $? = 0
configure:5845: result: yes
configure:5802: checking for unistd.h
configure:5823: gcc -c -g -O2  conftest.c >&5
configure:5829: $? = 0
configure:5845: result: yes
configure:5872: checking dlfcn.h usability
configure:5889: gcc -c -g -O2  conftest.c >&5
configure:5895: $? = 0
configure:5909: result: yes
configure:5913: checking dlfcn.h presence
configure:5928: gcc -E  conftest.c
configure:5934: $? = 0
configure:5948: result: yes
configure:5981: checking for dlfcn.h
configure:5989: result: yes
configure:6060: checking for g++
configure:6076: found /usr/bin/g++
configure:6087: result: g++
configure:6118: checking for C++ compiler version
configure:6125: g++ --version >&5
g++ (GCC) 4.2.3 (Ubuntu 4.2.3-2ubuntu7)
Copyright (C) 2007 Free Software Foundation, Inc.
This is free software; see the source for copying conditions.  There is NO
warranty; not even for MERCHANTABILITY or FITNESS FOR A PARTICULAR PURPOSE.

configure:6128: $? = 0
configure:6135: g++ -v >&5
Using built-in specs.
Target: i486-linux-gnu
Configured with: ../src/configure -v --enable-languages=c,c++,fortran,objc,obj-c++,treelang --prefix=/usr --enable-shared --with-system-zlib --libexecdir=/usr/lib --without-included-gettext --enable-threads=posix --enable-nls --with-gxx-include-dir=/usr/include/c++/4.2 --program-suffix=-4.2 --enable-clocale=gnu --enable-libstdcxx-debug --enable-objc-gc --enable-mpfr --enable-targets=all --enable-checking=release --build=i486-linux-gnu --host=i486-linux-gnu --target=i486-linux-gnu
Thread model: posix
gcc version 4.2.3 (Ubuntu 4.2.3-2ubuntu7)
configure:6138: $? = 0
configure:6145: g++ -V >&5
g++: '-V' option must have argument
configure:6148: $? = 1
configure:6151: checking whether we are using the GNU C++ compiler
configure:6180: g++ -c   conftest.cpp >&5
configure:6186: $? = 0
configure:6203: result: yes
configure:6208: checking whether g++ accepts -g
configure:6238: g++ -c -g  conftest.cpp >&5
configure:6244: $? = 0
configure:6343: result: yes
configure:6368: checking dependency style of g++
configure:6459: result: gcc3
configure:6484: checking how to run the C++ preprocessor
configure:6520: g++ -E  conftest.cpp
configure:6526: $? = 0
configure:6557: g++ -E  conftest.cpp
conftest.cpp:21:28: error: ac_nonexistent.h: No such file or directory
configure:6563: $? = 1
configure: failed program was:
| /* confdefs.h.  */
| #define PACKAGE_NAME "gedit-docwordscompletion"
| #define PACKAGE_TARNAME "gedit-docwordscompletion"
| #define PACKAGE_VERSION "0.5.1"
| #define PACKAGE_STRING "gedit-docwordscompletion 0.5.1"
| #define PACKAGE_BUGREPORT "http://sourceforge.net/projects/gtksourcecomple"
| #define PACKAGE "gedit-docwordscompletion"
| #define VERSION "0.5.1"
| #define STDC_HEADERS 1
| #define HAVE_SYS_TYPES_H 1
| #define HAVE_SYS_STAT_H 1
| #define HAVE_STDLIB_H 1
| #define HAVE_STRING_H 1
| #define HAVE_MEMORY_H 1
| #define HAVE_STRINGS_H 1
| #define HAVE_INTTYPES_H 1
| #define HAVE_STDINT_H 1
| #define HAVE_UNISTD_H 1
| #define HAVE_DLFCN_H 1
| /* end confdefs.h.  */
| #include <ac_nonexistent.h>
configure:6596: result: g++ -E
configure:6625: g++ -E  conftest.cpp
configure:6631: $? = 0
configure:6662: g++ -E  conftest.cpp
conftest.cpp:21:28: error: ac_nonexistent.h: No such file or directory
configure:6668: $? = 1
configure: failed program was:
| /* confdefs.h.  */
| #define PACKAGE_NAME "gedit-docwordscompletion"
| #define PACKAGE_TARNAME "gedit-docwordscompletion"
| #define PACKAGE_VERSION "0.5.1"
| #define PACKAGE_STRING "gedit-docwordscompletion 0.5.1"
| #define PACKAGE_BUGREPORT "http://sourceforge.net/projects/gtksourcecomple"
| #define PACKAGE "gedit-docwordscompletion"
| #define VERSION "0.5.1"
| #define STDC_HEADERS 1
| #define HAVE_SYS_TYPES_H 1
| #define HAVE_SYS_STAT_H 1
| #define HAVE_STDLIB_H 1
| #define HAVE_STRING_H 1
| #define HAVE_MEMORY_H 1
| #define HAVE_STRINGS_H 1
| #define HAVE_INTTYPES_H 1
| #define HAVE_STDINT_H 1
| #define HAVE_UNISTD_H 1
| #define HAVE_DLFCN_H 1
| /* end confdefs.h.  */
| #include <ac_nonexistent.h>
configure:6761: checking for g77
configure:6791: result: no
configure:6761: checking for xlf
configure:6791: result: no
configure:6761: checking for f77
configure:6791: result: no
configure:6761: checking for frt
configure:6791: result: no
configure:6761: checking for pgf77
configure:6791: result: no
configure:6761: checking for cf77
configure:6791: result: no
configure:6761: checking for fort77
configure:6791: result: no
configure:6761: checking for fl32
configure:6791: result: no
configure:6761: checking for af77
configure:6791: result: no
configure:6761: checking for xlf90
configure:6791: result: no
configure:6761: checking for f90
configure:6791: result: no
configure:6761: checking for pgf90
configure:6791: result: no
configure:6761: checking for pghpf
configure:6791: result: no
configure:6761: checking for epcf90
configure:6791: result: no
configure:6761: checking for gfortran
configure:6791: result: no
configure:6761: checking for g95
configure:6791: result: no
configure:6761: checking for xlf95
configure:6791: result: no
configure:6761: checking for f95
configure:6791: result: no
configure:6761: checking for fort
configure:6791: result: no
configure:6761: checking for ifort
configure:6791: result: no
configure:6761: checking for ifc
configure:6791: result: no
configure:6761: checking for efc
configure:6791: result: no
configure:6761: checking for pgf95
configure:6791: result: no
configure:6761: checking for lf95
configure:6791: result: no
configure:6761: checking for ftn
configure:6791: result: no
configure:6818: checking for Fortran 77 compiler version
configure:6825:  --version >&5
./configure: line 6826: --version: command not found
configure:6828: $? = 127
configure:6835:  -v >&5
./configure: line 6836: -v: command not found
configure:6838: $? = 127
configure:6845:  -V >&5
./configure: line 6846: -V: command not found
configure:6848: $? = 127
configure:6856: checking whether we are using the GNU Fortran 77 compiler
configure:6875:  -c  conftest.F >&5
./configure: line 6876: -c: command not found
configure:6881: $? = 127
configure: failed program was:
|       program main
| #ifndef __GNUC__
|        choke me
| #endif
| 
|       end
configure:6898: result: no
configure:6904: checking whether  accepts -g
configure:6921:  -c -g conftest.f >&5
./configure: line 6922: -c: command not found
configure:6927: $? = 127
configure: failed program was:
|       program main
| 
|       end
configure:6943: result: no
configure:6972: checking the maximum length of command line arguments
configure:7084: result: 98304
configure:7096: checking command to parse /usr/bin/nm -B output from gcc object
configure:7201: gcc -c -g -O2  conftest.c >&5
configure:7204: $? = 0
configure:7208: /usr/bin/nm -B conftest.o \| sed -n -e 's/^.*[ 	]\([ABCDGIRSTW][ABCDGIRSTW]*\)[ 	][ 	]*\([_A-Za-z][_A-Za-z0-9]*\)$/\1 \2 \2/p' \> conftest.nm
configure:7211: $? = 0
configure:7263: gcc -o conftest -g -O2   conftest.c conftstm.o >&5
configure:7266: $? = 0
configure:7304: result: ok
configure:7308: checking for objdir
configure:7323: result: .libs
configure:7415: checking for ar
configure:7431: found /usr/bin/ar
configure:7442: result: ar
configure:7511: checking for ranlib
configure:7527: found /usr/bin/ranlib
configure:7538: result: ranlib
configure:7607: checking for strip
configure:7623: found /usr/bin/strip
configure:7634: result: strip
configure:8232: checking if gcc supports -fno-rtti -fno-exceptions
configure:8250: gcc -c -g -O2  -fno-rtti -fno-exceptions conftest.c >&5
cc1: warning: command line option "-fno-rtti" is valid for C++/ObjC++ but not for C
configure:8254: $? = 0
configure:8267: result: no
configure:8282: checking for gcc option to produce PIC
configure:8514: result: -fPIC
configure:8522: checking if gcc PIC flag -fPIC works
configure:8540: gcc -c -g -O2  -fPIC -DPIC conftest.c >&5
configure:8544: $? = 0
configure:8557: result: yes
configure:8585: checking if gcc static flag -static works
configure:8613: result: yes
configure:8623: checking if gcc supports -c -o file.o
configure:8644: gcc -c -g -O2  -o out/conftest2.o conftest.c >&5
configure:8648: $? = 0
configure:8670: result: yes
configure:8696: checking whether the gcc linker (/usr/bin/ld) supports shared libraries
configure:9677: result: yes
configure:9698: checking whether -lc should be explicitly linked in
configure:9703: gcc -c -g -O2  conftest.c >&5
configure:9706: $? = 0
configure:9721: gcc -shared conftest.o  -v -Wl,-soname -Wl,conftest -o conftest 2\>\&1 \| grep  -lc  \>/dev/null 2\>\&1
configure:9724: $? = 0
configure:9736: result: no
configure:9744: checking dynamic linker characteristics
configure:10358: result: GNU/Linux ld.so
configure:10382: checking how to hardcode library paths into programs
configure:10407: result: immediate
configure:10421: checking whether stripping libraries is possible
configure:10426: result: yes
configure:11228: checking if libtool supports shared libraries
configure:11230: result: yes
configure:11233: checking whether to build shared libraries
configure:11254: result: yes
configure:11257: checking whether to build static libraries
configure:11261: result: no
configure:11355: creating libtool
configure:11948: checking for ld used by g++
configure:12015: result: /usr/bin/ld
configure:12024: checking if the linker (/usr/bin/ld) is GNU ld
configure:12039: result: yes
configure:12090: checking whether the g++ linker (/usr/bin/ld) supports shared libraries
configure:13036: result: yes
configure:13053: g++ -c -g -O2  conftest.cpp >&5
configure:13056: $? = 0
configure:13212: checking for g++ option to produce PIC
configure:13496: result: -fPIC
configure:13504: checking if g++ PIC flag -fPIC works
configure:13522: g++ -c -g -O2  -fPIC -DPIC conftest.cpp >&5
configure:13526: $? = 0
configure:13539: result: yes
configure:13567: checking if g++ static flag -static works
configure:13595: result: yes
configure:13605: checking if g++ supports -c -o file.o
configure:13626: g++ -c -g -O2  -o out/conftest2.o conftest.cpp >&5
configure:13630: $? = 0
configure:13652: result: yes
configure:13678: checking whether the g++ linker (/usr/bin/ld) supports shared libraries
configure:13707: result: yes
configure:13774: checking dynamic linker characteristics
configure:14336: result: GNU/Linux ld.so
configure:14360: checking how to hardcode library paths into programs
configure:14385: result: immediate
configure:20633: checking for library containing strerror
configure:20674: gcc -o conftest -g -O2   conftest.c  >&5
configure:20680: $? = 0
configure:20708: result: none required
configure:20764: checking for gcc
configure:20791: result: gcc
configure:21029: checking for C compiler version
configure:21036: gcc --version >&5
gcc (GCC) 4.2.3 (Ubuntu 4.2.3-2ubuntu7)
Copyright (C) 2007 Free Software Foundation, Inc.
This is free software; see the source for copying conditions.  There is NO
warranty; not even for MERCHANTABILITY or FITNESS FOR A PARTICULAR PURPOSE.

configure:21039: $? = 0
configure:21046: gcc -v >&5
Using built-in specs.
Target: i486-linux-gnu
Configured with: ../src/configure -v --enable-languages=c,c++,fortran,objc,obj-c++,treelang --prefix=/usr --enable-shared --with-system-zlib --libexecdir=/usr/lib --without-included-gettext --enable-threads=posix --enable-nls --with-gxx-include-dir=/usr/include/c++/4.2 --program-suffix=-4.2 --enable-clocale=gnu --enable-libstdcxx-debug --enable-objc-gc --enable-mpfr --enable-targets=all --enable-checking=release --build=i486-linux-gnu --host=i486-linux-gnu --target=i486-linux-gnu
Thread model: posix
gcc version 4.2.3 (Ubuntu 4.2.3-2ubuntu7)
configure:21049: $? = 0
configure:21056: gcc -V >&5
gcc: '-V' option must have argument
configure:21059: $? = 1
configure:21062: checking whether we are using the GNU C compiler
configure:21114: result: yes
configure:21119: checking whether gcc accepts -g
configure:21254: result: yes
configure:21271: checking for gcc option to accept ISO C89
configure:21374: result: none needed
configure:21394: checking dependency style of gcc
configure:21485: result: gcc3
configure:21513: checking for a BSD-compatible install
configure:21569: result: /usr/bin/install -c
configure:21580: checking whether make sets $(MAKE)
configure:21601: result: yes
configure:21642: checking locale.h usability
configure:21659: gcc -c -g -O2  conftest.c >&5
configure:21665: $? = 0
configure:21679: result: yes
configure:21683: checking locale.h presence
configure:21698: gcc -E  conftest.c
configure:21704: $? = 0
configure:21718: result: yes
configure:21751: checking for locale.h
configure:21759: result: yes
configure:21773: checking for LC_MESSAGES
configure:21799: gcc -o conftest -g -O2   conftest.c  >&5
configure:21805: $? = 0
configure:21822: result: yes
configure:21851: checking libintl.h usability
configure:21868: gcc -c -g -O2  conftest.c >&5
configure:21874: $? = 0
configure:21888: result: yes
configure:21892: checking libintl.h presence
configure:21907: gcc -E  conftest.c
configure:21913: $? = 0
configure:21927: result: yes
configure:21960: checking for libintl.h
configure:21967: result: yes
configure:21978: checking for ngettext in libc
configure:22006: gcc -o conftest -g -O2   conftest.c  >&5
configure:22012: $? = 0
configure:22030: result: yes
configure:22034: checking for dgettext in libc
configure:22062: gcc -o conftest -g -O2   conftest.c  >&5
configure:22068: $? = 0
configure:22086: result: yes
configure:22095: checking for bind_textdomain_codeset
configure:22151: gcc -o conftest -g -O2   conftest.c  >&5
configure:22157: $? = 0
configure:22175: result: yes
configure:22662: checking for msgfmt
configure:22689: result: /usr/bin/msgfmt
configure:22702: checking for dcgettext
configure:22758: gcc -o conftest -g -O2   conftest.c   >&5
conftest.c:49: warning: conflicting types for built-in function 'dcgettext'
configure:22764: $? = 0
configure:22782: result: yes
configure:22793: checking if msgfmt accepts -c
configure:22808: $MSGFMT -c -o /dev/null conftest.foo
configure:22811: $? = 0
configure:22813: result: yes
configure:22823: checking for gmsgfmt
configure:22854: result: /usr/bin/msgfmt
configure:22864: checking for xgettext
configure:22891: result: /usr/bin/xgettext
configure:22920: gcc -o conftest -g -O2   conftest.c   >&5
configure:22926: $? = 0
configure:23159: checking for GEDIT
configure:23176: $PKG_CONFIG --exists --print-errors "
	glib-2.0 >= 2.8.0
	gtk+-2.0 >= 2.8.0
	gtksourceview-2.0 >= 2.0.0
	gedit-2.20 >= 2.20.0
	libglade-2.0 >= 2.4.0
	gnome-vfs-2.0 >= 2.13.4
	gtksourcecompletion-1.0 >= 0.5.0
	gconf-2.0
"
configure:23188: $? = 0
configure:23221: $PKG_CONFIG --exists --print-errors "
	glib-2.0 >= 2.8.0
	gtk+-2.0 >= 2.8.0
	gtksourceview-2.0 >= 2.0.0
	gedit-2.20 >= 2.20.0
	libglade-2.0 >= 2.4.0
	gnome-vfs-2.0 >= 2.13.4
	gtksourcecompletion-1.0 >= 0.5.0
	gconf-2.0
"
configure:23233: $? = 0
configure:23354: result: yes
configure:23364: checking for glib-genmarshal
configure:23382: found /usr/bin/glib-genmarshal
configure:23394: result: /usr/bin/glib-genmarshal
configure:23583: creating ./config.status

## ---------------------- ##
## Running config.status. ##
## ---------------------- ##

This file was extended by gedit-docwordscompletion config.status 0.5.1, which was
generated by GNU Autoconf 2.61.  Invocation command line was

  CONFIG_FILES    = 
  CONFIG_HEADERS  = 
  CONFIG_LINKS    = 
  CONFIG_COMMANDS = 
  $ ./config.status 

on homer

config.status:736: creating Makefile
config.status:736: creating src/Makefile
config.status:736: creating po/Makefile.in
config.status:736: creating config.h
config.status:970: config.h is unchanged
config.status:1017: executing depfiles commands
config.status:1017: executing intltool commands
config.status:1017: executing default-1 commands
config.status:1017: executing po/stamp-it commands

## ---------------- ##
## Cache variables. ##
## ---------------- ##

ac_cv_build=i686-pc-linux-gnu
ac_cv_c_compiler_gnu=yes
ac_cv_cxx_compiler_gnu=yes
ac_cv_env_CCC_set=
ac_cv_env_CCC_value=
ac_cv_env_CC_set=
ac_cv_env_CC_value=
ac_cv_env_CFLAGS_set=
ac_cv_env_CFLAGS_value=
ac_cv_env_CPPFLAGS_set=
ac_cv_env_CPPFLAGS_value=
ac_cv_env_CPP_set=
ac_cv_env_CPP_value=
ac_cv_env_CXXCPP_set=
ac_cv_env_CXXCPP_value=
ac_cv_env_CXXFLAGS_set=
ac_cv_env_CXXFLAGS_value=
ac_cv_env_CXX_set=
ac_cv_env_CXX_value=
ac_cv_env_F77_set=
ac_cv_env_F77_value=
ac_cv_env_FFLAGS_set=
ac_cv_env_FFLAGS_value=
ac_cv_env_GEDIT_CFLAGS_set=
ac_cv_env_GEDIT_CFLAGS_value=
ac_cv_env_GEDIT_LIBS_set=
ac_cv_env_GEDIT_LIBS_value=
ac_cv_env_LDFLAGS_set=
ac_cv_env_LDFLAGS_value=
ac_cv_env_LIBS_set=
ac_cv_env_LIBS_value=
ac_cv_env_PKG_CONFIG_set=
ac_cv_env_PKG_CONFIG_value=
ac_cv_env_build_alias_set=
ac_cv_env_build_alias_value=
ac_cv_env_host_alias_set=
ac_cv_env_host_alias_value=
ac_cv_env_target_alias_set=
ac_cv_env_target_alias_value=
ac_cv_f77_compiler_gnu=no
ac_cv_func_bind_textdomain_codeset=yes
ac_cv_func_dcgettext=yes
ac_cv_header_dlfcn_h=yes
ac_cv_header_inttypes_h=yes
ac_cv_header_libintl_h=yes
ac_cv_header_locale_h=yes
ac_cv_header_memory_h=yes
ac_cv_header_stdc=yes
ac_cv_header_stdint_h=yes
ac_cv_header_stdlib_h=yes
ac_cv_header_string_h=yes
ac_cv_header_strings_h=yes
ac_cv_header_sys_stat_h=yes
ac_cv_header_sys_types_h=yes
ac_cv_header_unistd_h=yes
ac_cv_host=i686-pc-linux-gnu
ac_cv_objext=o
ac_cv_path_EGREP='/bin/grep -E'
ac_cv_path_GCONFTOOL=/usr/bin/gconftool-2
ac_cv_path_GLIB_GENMARSHAL=/usr/bin/glib-genmarshal
ac_cv_path_GMSGFMT=/usr/bin/msgfmt
ac_cv_path_GREP=/bin/grep
ac_cv_path_INTLTOOL_PERL=/usr/bin/perl
ac_cv_path_MSGFMT=/usr/bin/msgfmt
ac_cv_path_MSGMERGE=/usr/bin/msgmerge
ac_cv_path_XGETTEXT=/usr/bin/xgettext
ac_cv_path_ac_pt_PKG_CONFIG=/usr/bin/pkg-config
ac_cv_path_install='/usr/bin/install -c'
ac_cv_path_mkdir=/bin/mkdir
ac_cv_prog_AWK=mawk
ac_cv_prog_CPP='gcc -E'
ac_cv_prog_CXXCPP='g++ -E'
ac_cv_prog_ac_ct_AR=ar
ac_cv_prog_ac_ct_CC=gcc
ac_cv_prog_ac_ct_CXX=g++
ac_cv_prog_ac_ct_RANLIB=ranlib
ac_cv_prog_ac_ct_STRIP=strip
ac_cv_prog_cc_c89=
ac_cv_prog_cc_g=yes
ac_cv_prog_cxx_g=yes
ac_cv_prog_f77_g=no
ac_cv_prog_make_make_set=yes
ac_cv_search_strerror='none required'
am_cv_CC_dependencies_compiler_type=gcc3
am_cv_CXX_dependencies_compiler_type=gcc3
am_cv_val_LC_MESSAGES=yes
gdu_cv_have_gdu=yes
gdu_cv_version_required=0.3.2
gt_cv_func_dgettext_libc=yes
gt_cv_func_dgettext_libintl=no
gt_cv_func_ngettext_libc=yes
gt_cv_have_gettext=yes
lt_cv_deplibs_check_method=pass_all
lt_cv_file_magic_cmd='$MAGIC_CMD'
lt_cv_file_magic_test_file=
lt_cv_ld_reload_flag=-r
lt_cv_objdir=.libs
lt_cv_path_LD=/usr/bin/ld
lt_cv_path_LDCXX=/usr/bin/ld
lt_cv_path_NM='/usr/bin/nm -B'
lt_cv_path_SED=/bin/sed
lt_cv_prog_compiler_c_o=yes
lt_cv_prog_compiler_c_o_CXX=yes
lt_cv_prog_compiler_pic_works=yes
lt_cv_prog_compiler_pic_works_CXX=yes
lt_cv_prog_compiler_rtti_exceptions=no
lt_cv_prog_compiler_static_works=yes
lt_cv_prog_compiler_static_works_CXX=yes
lt_cv_prog_gnu_ld=yes
lt_cv_prog_gnu_ldcxx=yes
lt_cv_sys_global_symbol_pipe='sed -n -e '\''s/^.*[ 	]\([ABCDGIRSTW][ABCDGIRSTW]*\)[ 	][ 	]*\([_A-Za-z][_A-Za-z0-9]*\)$/\1 \2 \2/p'\'''
lt_cv_sys_global_symbol_to_c_name_address='sed -n -e '\''s/^: \([^ ]*\) $/  {\"\1\", (lt_ptr) 0},/p'\'' -e '\''s/^[BCDEGRST] \([^ ]*\) \([^ ]*\)$/  {"\2", (lt_ptr) \&\2},/p'\'''
lt_cv_sys_global_symbol_to_cdecl='sed -n -e '\''s/^. .* \(.*\)$/extern int \1;/p'\'''
lt_cv_sys_lib_dlsearch_path_spec='/lib /usr/lib /lib/i486-linux-gnu /usr/lib/i486-linux-gnu /usr/local/lib '
lt_cv_sys_lib_search_path_spec='/usr/lib/gcc/i486-linux-gnu/4.2.3 /usr/lib /lib'
lt_cv_sys_max_cmd_len=98304
lt_lt_cv_prog_compiler_c_o='"yes"'
lt_lt_cv_prog_compiler_c_o_CXX='"yes"'
lt_lt_cv_sys_global_symbol_pipe='"sed -n -e '\''s/^.*[ 	]\\([ABCDGIRSTW][ABCDGIRSTW]*\\)[ 	][ 	]*\\([_A-Za-z][_A-Za-z0-9]*\\)\$/\\1 \\2 \\2/p'\''"'
lt_lt_cv_sys_global_symbol_to_c_name_address='"sed -n -e '\''s/^: \\([^ ]*\\) \$/  {\\\"\\1\\\", (lt_ptr) 0},/p'\'' -e '\''s/^[BCDEGRST] \\([^ ]*\\) \\([^ ]*\\)\$/  {\"\\2\", (lt_ptr) \\&\\2},/p'\''"'
lt_lt_cv_sys_global_symbol_to_cdecl='"sed -n -e '\''s/^. .* \\(.*\\)\$/extern int \\1;/p'\''"'
pkg_cv_GEDIT_CFLAGS='-DORBIT2=1 -pthread -I/usr/include/glib-2.0 -I/usr/lib/glib-2.0/include -I/usr/include/gtk-2.0 -I/usr/lib/gtk-2.0/include -I/usr/include/atk-1.0 -I/usr/include/cairo -I/usr/include/pango-1.0 -I/usr/include/freetype2 -I/usr/include/libpng12 -I/usr/include/pixman-1 -I/usr/include/gtksourceview-2.0 -I/usr/include/libxml2 -I/usr/include/gedit-2.20 -I/usr/include/libgnomeui-2.0 -I/usr/include/libglade-2.0 -I/usr/include/libart-2.0 -I/usr/include/gconf/2 -I/usr/include/gnome-keyring-1 -I/usr/include/libgnome-2.0 -I/usr/include/libbonoboui-2.0 -I/usr/include/libgnomecanvas-2.0 -I/usr/include/gnome-vfs-2.0 -I/usr/lib/gnome-vfs-2.0/include -I/usr/include/orbit-2.0 -I/usr/include/libbonobo-2.0 -I/usr/include/bonobo-activation-2.0 -I/usr/include/gail-1.0 -I/usr/include/gtksourcecompletion-1.0  '
pkg_cv_GEDIT_LIBS='-pthread -lgnomeui-2 -lSM -lICE -lbonoboui-2 -lgnomecanvas-2 -lgnome-2 -lpopt -lbonobo-2 -lbonobo-activation -lORBit-2 -lart_lgpl_2 -lglade-2.0 -lxml2 -lgnomevfs-2 -lgthread-2.0 -lrt -lgtksourcecompletion-1.0 -lgtksourceview-2.0 -lgtk-x11-2.0 -lgdk-x11-2.0 -latk-1.0 -lgdk_pixbuf-2.0 -lm -lpangocairo-1.0 -lpango-1.0 -lcairo -lgobject-2.0 -lgmodule-2.0 -ldl -lgconf-2 -lglib-2.0  '

## ----------------- ##
## Output variables. ##
## ----------------- ##

ACLOCAL='${SHELL} /home/perriman/dev/svn/gtksourcecomple/gedit-docwordscompletion-plugin/trunk/missing --run aclocal-1.10'
ACLOCAL_AMFLAGS=' -I m4'
ALL_LINGUAS=''
AMDEPBACKSLASH='\'
AMDEP_FALSE='#'
AMDEP_TRUE=''
AMTAR='${SHELL} /home/perriman/dev/svn/gtksourcecomple/gedit-docwordscompletion-plugin/trunk/missing --run tar'
AR='ar'
AUTOCONF='${SHELL} /home/perriman/dev/svn/gtksourcecomple/gedit-docwordscompletion-plugin/trunk/missing --run autoconf'
AUTOHEADER='${SHELL} /home/perriman/dev/svn/gtksourcecomple/gedit-docwordscompletion-plugin/trunk/missing --run autoheader'
AUTOMAKE='${SHELL} /home/perriman/dev/svn/gtksourcecomple/gedit-docwordscompletion-plugin/trunk/missing --run automake-1.10'
AWK='mawk'
CATALOGS=''
CATOBJEXT='.gmo'
CC='gcc'
CCDEPMODE='depmode=gcc3'
CFLAGS='-g -O2'
CPP='gcc -E'
CPPFLAGS=''
CXX='g++'
CXXCPP='g++ -E'
CXXDEPMODE='depmode=gcc3'
CXXFLAGS='-g -O2'
CYGPATH_W='echo'
DATADIRNAME='share'
DEFS='-DHAVE_CONFIG_H'
DEPDIR='.deps'
DISABLE_DEPRECATED_CFLAGS=''
DISTCHECK_CONFIGURE_FLAGS='--disable-scrollkeeper '
DOC_USER_FORMATS=''
DSYMUTIL=''
ECHO='echo'
ECHO_C=''
ECHO_N='-n'
ECHO_T=''
EGREP='/bin/grep -E'
ENABLE_SK_FALSE='#'
ENABLE_SK_TRUE=''
EXEEXT=''
F77=''
FFLAGS=''
GCONFTOOL='/usr/bin/gconftool-2'
GEDIT_CFLAGS='-DORBIT2=1 -pthread -I/usr/include/glib-2.0 -I/usr/lib/glib-2.0/include -I/usr/include/gtk-2.0 -I/usr/lib/gtk-2.0/include -I/usr/include/atk-1.0 -I/usr/include/cairo -I/usr/include/pango-1.0 -I/usr/include/freetype2 -I/usr/include/libpng12 -I/usr/include/pixman-1 -I/usr/include/gtksourceview-2.0 -I/usr/include/libxml2 -I/usr/include/gedit-2.20 -I/usr/include/libgnomeui-2.0 -I/usr/include/libglade-2.0 -I/usr/include/libart-2.0 -I/usr/include/gconf/2 -I/usr/include/gnome-keyring-1 -I/usr/include/libgnome-2.0 -I/usr/include/libbonoboui-2.0 -I/usr/include/libgnomecanvas-2.0 -I/usr/include/gnome-vfs-2.0 -I/usr/lib/gnome-vfs-2.0/include -I/usr/include/orbit-2.0 -I/usr/include/libbonobo-2.0 -I/usr/include/bonobo-activation-2.0 -I/usr/include/gail-1.0 -I/usr/include/gtksourcecompletion-1.0  '
GEDIT_LIBS='-pthread -lgnomeui-2 -lSM -lICE -lbonoboui-2 -lgnomecanvas-2 -lgnome-2 -lpopt -lbonobo-2 -lbonobo-activation -lORBit-2 -lart_lgpl_2 -lglade-2.0 -lxml2 -lgnomevfs-2 -lgthread-2.0 -lrt -lgtksourcecompletion-1.0 -lgtksourceview-2.0 -lgtk-x11-2.0 -lgdk-x11-2.0 -latk-1.0 -lgdk_pixbuf-2.0 -lm -lpangocairo-1.0 -lpango-1.0 -lcairo -lgobject-2.0 -lgmodule-2.0 -ldl -lgconf-2 -lglib-2.0  '
GEDIT_PLUGINS_MAJOR=''
GETTEXT_PACKAGE='gedit-docwordscompletion'
GLIB_GENMARSHAL='/usr/bin/glib-genmarshal'
GMOFILES=''
GMSGFMT='/usr/bin/msgfmt'
GREP='/bin/grep'
HAVE_GNOME_DOC_UTILS_FALSE='#'
HAVE_GNOME_DOC_UTILS_TRUE=''
HELP_DIR='${datadir}/gnome/help'
INSTALL_DATA='${INSTALL} -m 644'
INSTALL_PROGRAM='${INSTALL}'
INSTALL_SCRIPT='${INSTALL}'
INSTALL_STRIP_PROGRAM='$(install_sh) -c -s'
INSTOBJEXT='.mo'
INTLLIBS=''
INTLTOOL_CAVES_RULE='%.caves:     %.caves.in     $(INTLTOOL_MERGE) $(wildcard $(top_srcdir)/po/*.po) ; LC_ALL=C $(INTLTOOL_MERGE) -d -u -c $(top_builddir)/po/.intltool-merge-cache $(top_srcdir)/po $< $@'
INTLTOOL_DESKTOP_RULE='%.desktop:   %.desktop.in   $(INTLTOOL_MERGE) $(wildcard $(top_srcdir)/po/*.po) ; LC_ALL=C $(INTLTOOL_MERGE) -d -u -c $(top_builddir)/po/.intltool-merge-cache $(top_srcdir)/po $< $@'
INTLTOOL_DIRECTORY_RULE='%.directory: %.directory.in $(INTLTOOL_MERGE) $(wildcard $(top_srcdir)/po/*.po) ; LC_ALL=C $(INTLTOOL_MERGE) -d -u -c $(top_builddir)/po/.intltool-merge-cache $(top_srcdir)/po $< $@'
INTLTOOL_EXTRACT='$(top_builddir)/intltool-extract'
INTLTOOL_KBD_RULE='%.kbd:       %.kbd.in       $(INTLTOOL_MERGE) $(wildcard $(top_srcdir)/po/*.po) ; LC_ALL=C $(INTLTOOL_MERGE) -x -u -m -c $(top_builddir)/po/.intltool-merge-cache $(top_srcdir)/po $< $@'
INTLTOOL_KEYS_RULE='%.keys:      %.keys.in      $(INTLTOOL_MERGE) $(wildcard $(top_srcdir)/po/*.po) ; LC_ALL=C $(INTLTOOL_MERGE) -k -u -c $(top_builddir)/po/.intltool-merge-cache $(top_srcdir)/po $< $@'
INTLTOOL_MERGE='$(top_builddir)/intltool-merge'
INTLTOOL_OAF_RULE='%.oaf:       %.oaf.in       $(INTLTOOL_MERGE) $(wildcard $(top_srcdir)/po/*.po) ; LC_ALL=C $(INTLTOOL_MERGE) -o -p $(top_srcdir)/po $< $@'
INTLTOOL_PERL='/usr/bin/perl'
INTLTOOL_POLICY_RULE='%.policy:    %.policy.in    $(INTLTOOL_MERGE) $(wildcard $(top_srcdir)/po/*.po) ; LC_ALL=C $(INTLTOOL_MERGE) -x -u -c $(top_builddir)/po/.intltool-merge-cache $(top_srcdir)/po $< $@'
INTLTOOL_PONG_RULE='%.pong:      %.pong.in      $(INTLTOOL_MERGE) $(wildcard $(top_srcdir)/po/*.po) ; LC_ALL=C $(INTLTOOL_MERGE) -x -u -c $(top_builddir)/po/.intltool-merge-cache $(top_srcdir)/po $< $@'
INTLTOOL_PROP_RULE='%.prop:      %.prop.in      $(INTLTOOL_MERGE) $(wildcard $(top_srcdir)/po/*.po) ; LC_ALL=C $(INTLTOOL_MERGE) -d -u -c $(top_builddir)/po/.intltool-merge-cache $(top_srcdir)/po $< $@'
INTLTOOL_SCHEMAS_RULE='%.schemas:   %.schemas.in   $(INTLTOOL_MERGE) $(wildcard $(top_srcdir)/po/*.po) ; LC_ALL=C $(INTLTOOL_MERGE) -s -u -c $(top_builddir)/po/.intltool-merge-cache $(top_srcdir)/po $< $@'
INTLTOOL_SERVER_RULE='%.server:    %.server.in    $(INTLTOOL_MERGE) $(wildcard $(top_srcdir)/po/*.po) ; LC_ALL=C $(INTLTOOL_MERGE) -o -u -c $(top_builddir)/po/.intltool-merge-cache $(top_srcdir)/po $< $@'
INTLTOOL_SERVICE_RULE='%.service: %.service.in   $(INTLTOOL_MERGE) $(wildcard $(top_srcdir)/po/*.po) ; LC_ALL=C $(INTLTOOL_MERGE) -d -u -c $(top_builddir)/po/.intltool-merge-cache $(top_srcdir)/po $< $@'
INTLTOOL_SHEET_RULE='%.sheet:     %.sheet.in     $(INTLTOOL_MERGE) $(wildcard $(top_srcdir)/po/*.po) ; LC_ALL=C $(INTLTOOL_MERGE) -x -u -c $(top_builddir)/po/.intltool-merge-cache $(top_srcdir)/po $< $@'
INTLTOOL_SOUNDLIST_RULE='%.soundlist: %.soundlist.in $(INTLTOOL_MERGE) $(wildcard $(top_srcdir)/po/*.po) ; LC_ALL=C $(INTLTOOL_MERGE) -d -u -c $(top_builddir)/po/.intltool-merge-cache $(top_srcdir)/po $< $@'
INTLTOOL_THEME_RULE='%.theme:     %.theme.in     $(INTLTOOL_MERGE) $(wildcard $(top_srcdir)/po/*.po) ; LC_ALL=C $(INTLTOOL_MERGE) -d -u -c $(top_builddir)/po/.intltool-merge-cache $(top_srcdir)/po $< $@'
INTLTOOL_UI_RULE='%.ui:        %.ui.in        $(INTLTOOL_MERGE) $(wildcard $(top_srcdir)/po/*.po) ; LC_ALL=C $(INTLTOOL_MERGE) -x -u -c $(top_builddir)/po/.intltool-merge-cache $(top_srcdir)/po $< $@'
INTLTOOL_UPDATE='$(top_builddir)/intltool-update'
INTLTOOL_XAM_RULE='%.xam:       %.xml.in       $(INTLTOOL_MERGE) $(wildcard $(top_srcdir)/po/*.po) ; LC_ALL=C $(INTLTOOL_MERGE) -x -u -c $(top_builddir)/po/.intltool-merge-cache $(top_srcdir)/po $< $@'
INTLTOOL_XML_NOMERGE_RULE='%.xml:       %.xml.in       $(INTLTOOL_MERGE) ; LC_ALL=C $(INTLTOOL_MERGE) -x -u /tmp $< $@'
INTLTOOL_XML_RULE='%.xml:       %.xml.in       $(INTLTOOL_MERGE) $(wildcard $(top_srcdir)/po/*.po) ; LC_ALL=C $(INTLTOOL_MERGE) -x -u -c $(top_builddir)/po/.intltool-merge-cache $(top_srcdir)/po $< $@'
LDFLAGS=''
LIBOBJS=''
LIBS=''
LIBTOOL='$(SHELL) $(top_builddir)/libtool'
LN_S='ln -s'
LTLIBOBJS=''
MAINT=''
MAINTAINER_MODE_FALSE='#'
MAINTAINER_MODE_TRUE=''
MAKEINFO='${SHELL} /home/perriman/dev/svn/gtksourcecomple/gedit-docwordscompletion-plugin/trunk/missing --run makeinfo'
MKINSTALLDIRS='./mkinstalldirs'
MSGFMT='/usr/bin/msgfmt'
MSGFMT_OPTS='-c'
MSGMERGE='/usr/bin/msgmerge'
NMEDIT=''
OBJEXT='o'
OMF_DIR='${datadir}/omf'
PACKAGE='gedit-docwordscompletion'
PACKAGE_BUGREPORT='http://sourceforge.net/projects/gtksourcecomple'
PACKAGE_NAME='gedit-docwordscompletion'
PACKAGE_STRING='gedit-docwordscompletion 0.5.1'
PACKAGE_TARNAME='gedit-docwordscompletion'
PACKAGE_VERSION='0.5.1'
PATH_SEPARATOR=':'
PKG_CONFIG='/usr/bin/pkg-config'
PLUGIN_LIBTOOL_FLAGS='-module -avoid-version'
POFILES=''
POSUB='po'
PO_IN_DATADIR_FALSE=''
PO_IN_DATADIR_TRUE=''
RANLIB='ranlib'
SED='/bin/sed'
SET_MAKE=''
SHELL='/bin/bash'
STRIP='strip'
USE_NLS='yes'
VERSION='0.5.1'
XGETTEXT='/usr/bin/xgettext'
ac_ct_CC='gcc'
ac_ct_CXX='g++'
ac_ct_F77=''
ac_prefix_program=''
am__fastdepCC_FALSE='#'
am__fastdepCC_TRUE=''
am__fastdepCXX_FALSE='#'
am__fastdepCXX_TRUE=''
am__include='include'
am__isrc=''
am__leading_dot='.'
am__quote=''
am__tar='${AMTAR} chof - "$$tardir"'
am__untar='${AMTAR} xf -'
bindir='${exec_prefix}/bin'
build='i686-pc-linux-gnu'
build_alias=''
build_cpu='i686'
build_os='linux-gnu'
build_vendor='pc'
datadir='${datarootdir}'
datarootdir='${prefix}/share'
docdir='${datarootdir}/doc/${PACKAGE_TARNAME}'
dvidir='${docdir}'
exec_prefix='${prefix}'
host='i686-pc-linux-gnu'
host_alias=''
host_cpu='i686'
host_os='linux-gnu'
host_vendor='pc'
htmldir='${docdir}'
includedir='${prefix}/include'
infodir='${datarootdir}/info'
install_sh='$(SHELL) /home/perriman/dev/svn/gtksourcecomple/gedit-docwordscompletion-plugin/trunk/install-sh'
libdir='${exec_prefix}/lib'
libexecdir='${exec_prefix}/libexec'
localedir='${datarootdir}/locale'
localstatedir='${prefix}/var'
mandir='${datarootdir}/man'
mkdir_p='/bin/mkdir -p'
oldincludedir='/usr/include'
pdfdir='${docdir}'
prefix='/usr'
program_transform_name='s,x,x,'
psdir='${docdir}'
sbindir='${exec_prefix}/sbin'
sharedstatedir='${prefix}/com'
sysconfdir='${prefix}/etc'
target_alias=''

## ----------- ##
## confdefs.h. ##
## ----------- ##

#define PACKAGE_NAME "gedit-docwordscompletion"
#define PACKAGE_TARNAME "gedit-docwordscompletion"
#define PACKAGE_VERSION "0.5.1"
#define PACKAGE_STRING "gedit-docwordscompletion 0.5.1"
#define PACKAGE_BUGREPORT "http://sourceforge.net/projects/gtksourcecomple"
#define PACKAGE "gedit-docwordscompletion"
#define VERSION "0.5.1"
#define STDC_HEADERS 1
#define HAVE_SYS_TYPES_H 1
#define HAVE_SYS_STAT_H 1
#define HAVE_STDLIB_H 1
#define HAVE_STRING_H 1
#define HAVE_MEMORY_H 1
#define HAVE_STRINGS_H 1
#define HAVE_INTTYPES_H 1
#define HAVE_STDINT_H 1
#define HAVE_UNISTD_H 1
#define HAVE_DLFCN_H 1
#define GETTEXT_PACKAGE "gedit-docwordscompletion"
#define HAVE_LOCALE_H 1
#define HAVE_LC_MESSAGES 1
#define HAVE_BIND_TEXTDOMAIN_CODESET 1
#define HAVE_GETTEXT 1
#define HAVE_DCGETTEXT 1
#define ENABLE_NLS 1

configure: exit 0

## ---------------------- ##
## Running config.status. ##
## ---------------------- ##

This file was extended by gedit-docwordscompletion config.status 0.5.1, which was
generated by GNU Autoconf 2.61.  Invocation command line was

  CONFIG_FILES    = 
  CONFIG_HEADERS  = 
  CONFIG_LINKS    = 
  CONFIG_COMMANDS = 
  $ ./config.status src/Makefile depfiles

on homer

config.status:736: creating src/Makefile
config.status:1017: executing depfiles commands
